                 Enactor House                  
                   Bluecoats                    
                    Hertford                    
                    SG14 1PB                    
               Tel: 01992 500881                
                    S a l e                     
------------------------------------------------
  JVC LT-40CA890 Android TV 40"          £299.00
    10% Item Discount 10%              (-£29.90)
  Item Discount (JVC LT-40CA890 Androi   -£29.90
  JVC LT-40CA890 Android TV 40"          £299.00
------------------------------------------------
  T O T A L                       £ 5 6 8 . 1 0 
  Cash                                  -£568.10
------------------------------------------------
                 Tax Breakdown                  
                   Net       Tax           Gross
UK VAT 20%     £473.42    £94.68         £568.10
------------------------------------------------
           00010001000072304140914067           
                                                
       Thank you for shopping at Enactor        
14/04/23 09:14  Hertford Manager  0001 0001 0007
~~~~~~~~~~~~~~~~~~~~~~~~~~~~~~~~~~~~~~~~~~~~~~~~
                 Enactor House                  
                   Bluecoats                    
                    Hertford                    
                    SG14 1PB                    
               Tel: 01992 500881                
                    S a l e                     
------------------------------------------------
            *** TRANSACTION VOID ***            
                                                
                                                
                                                
                                                
  Manager signature ----------------------------

------------------------------------------------
  T O T A L                           £ 0 . 0 0 
------------------------------------------------
           00010001000082304140915377           
                                                
       Thank you for shopping at Enactor        
14/04/23 09:15  Hertford Manager  0001 0001 0008
~~~~~~~~~~~~~~~~~~~~~~~~~~~~~~~~~~~~~~~~~~~~~~~~
                 Enactor House                  
                   Bluecoats                    
                    Hertford                    
                    SG14 1PB                    
               Tel: 01992 500881                
                    S a l e                     
------------------------------------------------
  JVC LT-40CA890 Android TV 40"          £299.00
------------------------------------------------
  T O T A L                       £ 2 9 9 . 0 0 
  Cash                                  -£299.00
------------------------------------------------
                 Tax Breakdown                  
                   Net       Tax           Gross
UK VAT 20%     £249.17    £49.83         £299.00
------------------------------------------------
           00010001000092304140915516           
                                                
       Thank you for shopping at Enactor        
14/04/23 09:16  Hertford Manager  0001 0001 0009
~~~~~~~~~~~~~~~~~~~~~~~~~~~~~~~~~~~~~~~~~~~~~~~~
