                 Enactor House                  
                   Bluecoats                    
                    Hertford                    
                    SG14 1PB                    
               Tel: 01992 500881                
           S a l e s   V o u c h e r            
                 Customer Copy                  
------------------------------------------------
Card         :                                  
             :                                  
AMOUNT                              £ 1 0 . 0 0 
        Please debit my account as shown        
                                                
           No cardholder verification           
         Please retain for your records         
                                                
18/04/23 15:33  Hertford Manager  0001 0001 0015
~~~~~~~~~~~~~~~~~~~~~~~~~~~~~~~~~~~~~~~~~~~~~~~~
                 Enactor House                  
                   Bluecoats                    
                    Hertford                    
                    SG14 1PB                    
               Tel: 01992 500881                
           S a l e s   V o u c h e r            
                 Customer Copy                  
------------------------------------------------
Card         :                                  
             :                                  
AMOUNT                            £ 2 8 9 . 0 0 
        Please debit my account as shown        
                                                
           No cardholder verification           
         Please retain for your records         
                                                
18/04/23 15:33  Hertford Manager  0001 0001 0015
~~~~~~~~~~~~~~~~~~~~~~~~~~~~~~~~~~~~~~~~~~~~~~~~
                 Enactor House                  
                   Bluecoats                    
                    Hertford                    
                    SG14 1PB                    
               Tel: 01992 500881                
                    S a l e                     
------------------------------------------------
  JVC LT-40CA890 Android TV 40"          £299.00
------------------------------------------------
  T O T A L                       £ 2 9 9 . 0 0 
  EL Palacio Payment Serice              -£10.00
  EL Palacio Payment Serice             -£289.00
------------------------------------------------
                 Tax Breakdown                  
                   Net       Tax           Gross
UK VAT 20%     £249.17    £49.83         £299.00
------------------------------------------------
           00010001000152304181109281           
                                                
       Thank you for shopping at Enactor        
18/04/23 15:33  Hertford Manager  0001 0001 0015
~~~~~~~~~~~~~~~~~~~~~~~~~~~~~~~~~~~~~~~~~~~~~~~~
                 Enactor House                  
                   Bluecoats                    
                    Hertford                    
                    SG14 1PB                    
               Tel: 01992 500881                
           S a l e s   V o u c h e r            
                 Customer Copy                  
------------------------------------------------
Card         :                                  
             :                                  
AMOUNT                            £ 2 9 9 . 0 0 
        Please debit my account as shown        
                                                
           No cardholder verification           
         Please retain for your records         
                                                
18/04/23 16:15  Hertford Manager  0001 0001 0016
~~~~~~~~~~~~~~~~~~~~~~~~~~~~~~~~~~~~~~~~~~~~~~~~
                 Enactor House                  
                   Bluecoats                    
                    Hertford                    
                    SG14 1PB                    
               Tel: 01992 500881                
                    S a l e                     
------------------------------------------------
  JVC LT-40CA890 Android TV 40"          £299.00
------------------------------------------------
  T O T A L                       £ 2 9 9 . 0 0 
  EL Palacio Payment Serice             -£299.00
------------------------------------------------
                 Tax Breakdown                  
                   Net       Tax           Gross
UK VAT 20%     £249.17    £49.83         £299.00
------------------------------------------------
           00010001000162304181615046           
                                                
       Thank you for shopping at Enactor        
18/04/23 16:15  Hertford Manager  0001 0001 0016
~~~~~~~~~~~~~~~~~~~~~~~~~~~~~~~~~~~~~~~~~~~~~~~~
                 Enactor House                  
                   Bluecoats                    
                    Hertford                    
                    SG14 1PB                    
               Tel: 01992 500881                
           S a l e s   V o u c h e r            
                 Customer Copy                  
------------------------------------------------
Card         :                                  
             :                                  
AMOUNT                            £ 2 9 9 . 0 0 
        Please debit my account as shown        
                                                
           No cardholder verification           
         Please retain for your records         
                                                
18/04/23 16:22  Hertford Manager  0001 0001 0017
~~~~~~~~~~~~~~~~~~~~~~~~~~~~~~~~~~~~~~~~~~~~~~~~
                 Enactor House                  
                   Bluecoats                    
                    Hertford                    
                    SG14 1PB                    
               Tel: 01992 500881                
                    S a l e                     
------------------------------------------------
  JVC LT-40CA890 Android TV 40"          £299.00
------------------------------------------------
  T O T A L                       £ 2 9 9 . 0 0 
  EL Palacio Payment Serice             -£299.00
------------------------------------------------
                 Tax Breakdown                  
                   Net       Tax           Gross
UK VAT 20%     £249.17    £49.83         £299.00
------------------------------------------------
           00010001000172304181620432           
                                                
       Thank you for shopping at Enactor        
18/04/23 16:22  Hertford Manager  0001 0001 0017
~~~~~~~~~~~~~~~~~~~~~~~~~~~~~~~~~~~~~~~~~~~~~~~~
