2023-04-17 08:18:03.155 [main] ERROR com.enactor.core.utilities.VersionsHelper - Could not load manifest file
com.enactor.core.database.DatabaseException: Failed to load manifest.
	at com.enactor.core.manifest.ManifestFileServer.load(ManifestFileServer.java:64) ~[core-base-impl-2.7.747.RC2.36.jar:2.7.747.RC2.36]
	at com.enactor.core.utilities.VersionsHelper.getManifestVersions(VersionsHelper.java:346) [core-2.7.747.RC2.36.jar:2.7.747.RC2.36]
	at com.enactor.core.utilities.VersionsHelper.getVersions(VersionsHelper.java:94) [core-2.7.747.RC2.36.jar:2.7.747.RC2.36]
	at com.enactor.core.utilities.VersionsHelper.getPrimaryVersion(VersionsHelper.java:271) [core-2.7.747.RC2.36.jar:2.7.747.RC2.36]
	at com.enactor.core.utilities.VersionsHelper.getPrimaryVersion(VersionsHelper.java:247) [core-2.7.747.RC2.36.jar:2.7.747.RC2.36]
	at com.enactor.core.utilities.VersionsHelper.getPrimaryVersionString(VersionsHelper.java:256) [core-2.7.747.RC2.36.jar:2.7.747.RC2.36]
	at com.enactor.core.web.deployment.DeploymentContextListener.contextInitialized(DeploymentContextListener.java:106) [core-web-2.7.747.RC2.36.jar:2.7.747.RC2.36]
	at org.apache.catalina.core.StandardContext.listenerStart(StandardContext.java:4716) [catalina.jar:9.0.40]
	at org.apache.catalina.core.StandardContext.startInternal(StandardContext.java:5177) [catalina.jar:9.0.40]
	at org.apache.catalina.util.LifecycleBase.start(LifecycleBase.java:183) [catalina.jar:9.0.40]
	at org.apache.catalina.core.ContainerBase$StartChild.call(ContainerBase.java:1384) [catalina.jar:9.0.40]
	at org.apache.catalina.core.ContainerBase$StartChild.call(ContainerBase.java:1374) [catalina.jar:9.0.40]
	at java.util.concurrent.FutureTask.run(FutureTask.java:266) [?:1.8.0_362]
	at org.apache.tomcat.util.threads.InlineExecutorService.execute(InlineExecutorService.java:75) [tomcat-util.jar:9.0.40]
	at java.util.concurrent.AbstractExecutorService.submit(AbstractExecutorService.java:134) [?:1.8.0_362]
	at org.apache.catalina.core.ContainerBase.startInternal(ContainerBase.java:909) [catalina.jar:9.0.40]
	at org.apache.catalina.core.StandardHost.startInternal(StandardHost.java:843) [catalina.jar:9.0.40]
	at org.apache.catalina.util.LifecycleBase.start(LifecycleBase.java:183) [catalina.jar:9.0.40]
	at org.apache.catalina.core.ContainerBase$StartChild.call(ContainerBase.java:1384) [catalina.jar:9.0.40]
	at org.apache.catalina.core.ContainerBase$StartChild.call(ContainerBase.java:1374) [catalina.jar:9.0.40]
	at java.util.concurrent.FutureTask.run(FutureTask.java:266) [?:1.8.0_362]
	at org.apache.tomcat.util.threads.InlineExecutorService.execute(InlineExecutorService.java:75) [tomcat-util.jar:9.0.40]
	at java.util.concurrent.AbstractExecutorService.submit(AbstractExecutorService.java:134) [?:1.8.0_362]
	at org.apache.catalina.core.ContainerBase.startInternal(ContainerBase.java:909) [catalina.jar:9.0.40]
	at org.apache.catalina.core.StandardEngine.startInternal(StandardEngine.java:262) [catalina.jar:9.0.40]
	at org.apache.catalina.util.LifecycleBase.start(LifecycleBase.java:183) [catalina.jar:9.0.40]
	at org.apache.catalina.core.StandardService.startInternal(StandardService.java:421) [catalina.jar:9.0.40]
	at org.apache.catalina.util.LifecycleBase.start(LifecycleBase.java:183) [catalina.jar:9.0.40]
	at org.apache.catalina.core.StandardServer.startInternal(StandardServer.java:930) [catalina.jar:9.0.40]
	at org.apache.catalina.util.LifecycleBase.start(LifecycleBase.java:183) [catalina.jar:9.0.40]
	at org.apache.catalina.startup.Catalina.start(Catalina.java:772) [catalina.jar:9.0.40]
	at sun.reflect.NativeMethodAccessorImpl.invoke0(Native Method) ~[?:1.8.0_362]
	at sun.reflect.NativeMethodAccessorImpl.invoke(NativeMethodAccessorImpl.java:62) ~[?:1.8.0_362]
	at sun.reflect.DelegatingMethodAccessorImpl.invoke(DelegatingMethodAccessorImpl.java:43) ~[?:1.8.0_362]
	at java.lang.reflect.Method.invoke(Method.java:498) ~[?:1.8.0_362]
	at org.apache.catalina.startup.Bootstrap.start(Bootstrap.java:342) [bootstrap.jar:9.0.40]
	at org.apache.catalina.startup.Bootstrap.main(Bootstrap.java:473) [bootstrap.jar:9.0.40]
2023-04-17 08:18:03.479 [JMX RMI Connection Monitor] ERROR com.enactor.core.jmx.rmi.JMXRMIConnectorServerAdaptor - CheckConnector(): Making JMX Server with IP Address:localhost, for Domain:WebMaintenance, Application:server
2023-04-17 08:18:33.889 [main] ERROR com.enactor.core.utilities.VersionsHelper - Could not load manifest file
com.enactor.core.database.DatabaseException: Failed to load manifest.
	at com.enactor.core.manifest.ManifestFileServer.load(ManifestFileServer.java:64) ~[core-base-impl-2.7.747.RC2.36.jar:2.7.747.RC2.36]
	at com.enactor.core.utilities.VersionsHelper.getManifestVersions(VersionsHelper.java:346) [core-2.7.747.RC2.36.jar:2.7.747.RC2.36]
	at com.enactor.core.utilities.VersionsHelper.getVersions(VersionsHelper.java:94) [core-2.7.747.RC2.36.jar:2.7.747.RC2.36]
	at com.enactor.mfc.device.status.actions.CreateDeviceVersionAction.getVersionInfo(CreateDeviceVersionAction.java:151) [mfc-core-2.7.747.RC2.36.jar:2.7.747.RC2.36]
	at com.enactor.mfc.device.status.actions.BroadcastDeviceStatusAction.broadcastMessage(BroadcastDeviceStatusAction.java:160) [mfc-core-2.7.747.RC2.36.jar:2.7.747.RC2.36]
	at com.enactor.mfc.device.status.actions.BroadcastDeviceStatusAction.broadcastMessage(BroadcastDeviceStatusAction.java:141) [mfc-core-2.7.747.RC2.36.jar:2.7.747.RC2.36]
	at com.enactor.mfc.device.status.listeners.DeviceStatusListener.contextInitialized(DeviceStatusListener.java:42) [mfc-core-2.7.747.RC2.36.jar:2.7.747.RC2.36]
	at org.apache.catalina.core.StandardContext.listenerStart(StandardContext.java:4716) [catalina.jar:9.0.40]
	at org.apache.catalina.core.StandardContext.startInternal(StandardContext.java:5177) [catalina.jar:9.0.40]
	at org.apache.catalina.util.LifecycleBase.start(LifecycleBase.java:183) [catalina.jar:9.0.40]
	at org.apache.catalina.core.ContainerBase$StartChild.call(ContainerBase.java:1384) [catalina.jar:9.0.40]
	at org.apache.catalina.core.ContainerBase$StartChild.call(ContainerBase.java:1374) [catalina.jar:9.0.40]
	at java.util.concurrent.FutureTask.run(FutureTask.java:266) [?:1.8.0_362]
	at org.apache.tomcat.util.threads.InlineExecutorService.execute(InlineExecutorService.java:75) [tomcat-util.jar:9.0.40]
	at java.util.concurrent.AbstractExecutorService.submit(AbstractExecutorService.java:134) [?:1.8.0_362]
	at org.apache.catalina.core.ContainerBase.startInternal(ContainerBase.java:909) [catalina.jar:9.0.40]
	at org.apache.catalina.core.StandardHost.startInternal(StandardHost.java:843) [catalina.jar:9.0.40]
	at org.apache.catalina.util.LifecycleBase.start(LifecycleBase.java:183) [catalina.jar:9.0.40]
	at org.apache.catalina.core.ContainerBase$StartChild.call(ContainerBase.java:1384) [catalina.jar:9.0.40]
	at org.apache.catalina.core.ContainerBase$StartChild.call(ContainerBase.java:1374) [catalina.jar:9.0.40]
	at java.util.concurrent.FutureTask.run(FutureTask.java:266) [?:1.8.0_362]
	at org.apache.tomcat.util.threads.InlineExecutorService.execute(InlineExecutorService.java:75) [tomcat-util.jar:9.0.40]
	at java.util.concurrent.AbstractExecutorService.submit(AbstractExecutorService.java:134) [?:1.8.0_362]
	at org.apache.catalina.core.ContainerBase.startInternal(ContainerBase.java:909) [catalina.jar:9.0.40]
	at org.apache.catalina.core.StandardEngine.startInternal(StandardEngine.java:262) [catalina.jar:9.0.40]
	at org.apache.catalina.util.LifecycleBase.start(LifecycleBase.java:183) [catalina.jar:9.0.40]
	at org.apache.catalina.core.StandardService.startInternal(StandardService.java:421) [catalina.jar:9.0.40]
	at org.apache.catalina.util.LifecycleBase.start(LifecycleBase.java:183) [catalina.jar:9.0.40]
	at org.apache.catalina.core.StandardServer.startInternal(StandardServer.java:930) [catalina.jar:9.0.40]
	at org.apache.catalina.util.LifecycleBase.start(LifecycleBase.java:183) [catalina.jar:9.0.40]
	at org.apache.catalina.startup.Catalina.start(Catalina.java:772) [catalina.jar:9.0.40]
	at sun.reflect.NativeMethodAccessorImpl.invoke0(Native Method) ~[?:1.8.0_362]
	at sun.reflect.NativeMethodAccessorImpl.invoke(NativeMethodAccessorImpl.java:62) ~[?:1.8.0_362]
	at sun.reflect.DelegatingMethodAccessorImpl.invoke(DelegatingMethodAccessorImpl.java:43) ~[?:1.8.0_362]
	at java.lang.reflect.Method.invoke(Method.java:498) ~[?:1.8.0_362]
	at org.apache.catalina.startup.Bootstrap.start(Bootstrap.java:342) [bootstrap.jar:9.0.40]
	at org.apache.catalina.startup.Bootstrap.main(Bootstrap.java:473) [bootstrap.jar:9.0.40]
2023-04-17 13:41:41.984 [http-nio-39830-exec-8] ERROR com.enactor.coreUI.web.JSF.JSFProcessServlet - Process not found: com.enactor.coreUI.processes.UIProcessNotFoundException: Error loading process definition 'Layout/Standard/DesktopLayout' Context 'UIProcessResolverContext [processSet=, parentProcessSet=, theme=null, parentTheme=null]' ErrorCode:'NoProcessDefinition' (Caused by com.enactor.core.database.NoSuchRecordException: processID=Layout/Standard/DesktopLayout;version=1.0; ErrorCode:'ItemDoesNotExist' Key:'processID=Layout/Standard/DesktopLayout;version=1.0;')
2023-04-17 13:41:52.005 [http-nio-39830-exec-1] INFO com.enactor.mfc.menu.actions.LoadMenuAction - Using 'Default' menu (menuSetId=WebMaintenance;roleId=ADMINISTRATOR;groupTypeId=region;groupId=All;groupHierarchyId=All;groupTypeId=menuGroup;groupId=All;groupHierarchyId=All;variantGroupTypeId=region;variantGroupId=All;variantGroupHierarchyId=All;language=en;country=GB;variant=;menuId=Default;):Execute Action:'LoadMenu' State:'Start' Process:'Maintenance/MaintenanceMenu' 
2023-04-17 13:48:12.299 [http-nio-39830-exec-4] ERROR com.enactor.core.localisation.MessageResources - Message not found on resource - Basename:'Pos/Tender/TenderMessages' message:'USE_VOUCHER'
2023-04-17 13:48:17.159 [http-nio-39830-exec-1] ERROR com.enactor.core.localisation.MessageResources - Message not found on resource - Basename:'Pos/Tender/TenderMessages' message:'CARD'
2023-04-17 13:56:06.957 [http-nio-39830-exec-8] ERROR com.enactor.core.el.CoreApplicationProcessFunctionMapper - Could not resolve message .:Execute Action:'SetMenuLabel' State:'State' Process:'Maintenance/MenuHandleLaunchItem' 
2023-04-17 13:59:20.132 [http-nio-39830-exec-6] ERROR com.enactor.core.el.CoreApplicationProcessFunctionMapper - Could not resolve message .:Execute Action:'SetMenuLabel' State:'State' Process:'Maintenance/MenuHandleLaunchItem' 
2023-04-17 15:11:00.030 [http-nio-39830-exec-1] ERROR com.enactor.coreUI.web.JSF.JSFProcessServlet - Process not found: com.enactor.coreUI.processes.UIProcessNotFoundException: Error loading process definition 'Layout/Standard/DesktopLayout' Context 'UIProcessResolverContext [processSet=, parentProcessSet=, theme=null, parentTheme=null]' ErrorCode:'NoProcessDefinition' (Caused by com.enactor.core.database.NoSuchRecordException: processID=Layout/Standard/DesktopLayout;version=1.0; ErrorCode:'ItemDoesNotExist' Key:'processID=Layout/Standard/DesktopLayout;version=1.0;')
2023-04-17 15:11:00.114 [http-nio-39830-exec-1] INFO com.enactor.mfc.menu.actions.LoadMenuAction - Using 'Default' menu (menuSetId=WebMaintenance;roleId=ADMINISTRATOR;groupTypeId=region;groupId=All;groupHierarchyId=All;groupTypeId=menuGroup;groupId=All;groupHierarchyId=All;variantGroupTypeId=region;variantGroupId=All;variantGroupHierarchyId=All;language=en;country=GB;variant=;menuId=Default;):Execute Action:'LoadMenu' State:'Start' Process:'Maintenance/MaintenanceMenu' 
2023-04-17 15:11:51.220 [http-nio-39830-exec-4] ERROR com.enactor.core.el.CoreApplicationProcessFunctionMapper - Could not resolve message .:Execute Action:'SetMenuLabel' State:'State' Process:'Maintenance/MenuHandleLaunchItem' 
2023-04-17 15:12:05.847 [http-nio-39830-exec-3] ERROR com.enactor.core.el.CoreApplicationProcessFunctionMapper - Could not resolve message .:Execute Action:'SetMenuLabel' State:'State' Process:'Maintenance/MenuHandleLaunchItem' 
2023-04-17 15:19:47.431 [http-nio-39830-exec-1] ERROR com.enactor.core.el.CoreApplicationProcessFunctionMapper - Could not resolve message .:Execute Action:'SetMenuLabel' State:'State' Process:'Maintenance/MenuHandleLaunchItem' 
2023-04-17 15:20:09.245 [http-nio-39830-exec-5] INFO com.enactor.mfc.menu.actions.LoadMenuAction - Using 'Default' menu (menuSetId=WebMaintenance;roleId=ADMINISTRATOR;groupTypeId=region;groupId=All;groupHierarchyId=All;groupTypeId=menuGroup;groupId=All;groupHierarchyId=All;variantGroupTypeId=region;variantGroupId=All;variantGroupHierarchyId=All;language=en;country=GB;variant=;menuId=Default;):Execute Action:'LoadMenu' State:'Start' Process:'Maintenance/MaintenanceMenu' 
2023-04-17 15:27:00.587 [http-nio-39830-exec-5] ERROR com.enactor.core.el.CoreApplicationProcessFunctionMapper - Could not resolve message .:Execute Action:'SetMenuLabel' State:'State' Process:'Maintenance/MenuHandleLaunchItem' 
